-------------------- Log Start | Wed Feb 28 03:20:44 2024 --------------------
data_path: /home/pi/printer_data
is_default_data_path: False
config_file: /home/pi/printer_data/config/moonraker.conf
startup_warnings: []
verbose: False
debug: False
asyncio_debug: False
is_backup_config: False
is_python_package: True
instance_uuid: 2bbd1176bf3140ba80f1f9818bfd3721
unix_socket_path: /home/pi/printer_data/comms/moonraker.sock
software_version: v0.8.0-310-g67c98f6
git_branch: master
git_remote: origin
git_repo_url: https://github.com/Arksine/moonraker.git
modified_files: []
unofficial_components: []
log_file: /home/pi/printer_data/logs/moonraker.log
python_version: 3.9.2 (default, Feb 28 2021, 17:03:44)  [GCC 10.2.1 20210110]
launch_args: /home/pi/moonraker-env/bin/python /home/pi/moonraker/moonraker/__main__.py
msgspec_enabled: False
uvloop_enabled: False

#################### Moonraker Configuration ####################

[server]
host = 0.0.0.0
port = 7125
max_upload_size = 1024
klippy_uds_address = ~/printer_data/comms/klippy.sock

[file_manager]
enable_object_processing = False

[authorization]
cors_domains = 
	https://my.mainsail.xyz
	http://my.mainsail.xyz
	http://*.local
	http://*.lan
trusted_clients = 
	10.0.0.0/8
	127.0.0.0/8
	169.254.0.0/16
	172.16.0.0/12
	192.168.0.0/16
	FE80::/10
	::1/128

[octoprint_compat]

[history]

[announcements]
subscriptions = 
	mainsail

[update_manager]
refresh_interval = 168
enable_auto_refresh = True

[update_manager mainsail]
type = web
channel = stable
repo = mainsail-crew/mainsail
path = ~/mainsail

[update_manager mainsail-config]
type = git_repo
primary_branch = master
path = ~/mainsail-config
origin = https://github.com/mainsail-crew/mainsail-config.git
managed_services = klipper

[update_manager crowsnest]
type = git_repo
path = ~/crowsnest
origin = https://github.com/mainsail-crew/crowsnest.git
managed_services = crowsnest
install_script = tools/pkglist.sh

[update_manager sonar]
type = git_repo
path = ~/sonar
origin = https://github.com/mainsail-crew/sonar.git
primary_branch = main
managed_services = sonar
install_script = tools/install.sh

[update_manager z_calibration]
type = git_repo
path = /home/pi/klipper_z_calibration
origin = https://github.com/protoloft/klipper_z_calibration.git
managed_services = klipper

#################################################################
All Configuration Files:
/home/pi/printer_data/config/moonraker.conf
#################################################################

Database Versions: pylmdb = 1.4.1, lmdb = (0, 9, 29)
Unsafe Shutdown Count: 12

System Info:

***python***
  version: (3, 9, 2, 'final', 0)
  version_string: 3.9.2 (default, Feb 28 2021, 17:03:44)  [GCC 10.2.1 20210110]

***cpu_info***
  cpu_count: 4
  bits: 64bit
  processor: aarch64
  cpu_desc: 
  serial_number: 10000000fdca3e44
  hardware_desc: BCM2835
  model: Raspberry Pi 4 Model B Rev 1.5
  total_memory: 751432
  memory_units: kB

***sd_info***
  manufacturer_id: 03
  manufacturer: Sandisk
  oem_id: 5344
  product_name: SD32G
  product_revision: 8.5
  serial_number: 551cd9fc
  manufacturer_date: 2/2023
  capacity: 29.7 GiB
  total_bytes: 31914983424

***distribution***
  name: Debian GNU/Linux 11 (bullseye)
  id: debian
  version: 11
  version_parts: {'major': '11', 'minor': '', 'build_number': ''}
  like: 
  codename: bullseye
  release_info: {'name': 'MainsailOS', 'version_id': '1.3.2', 'codename': 'bullseye', 'id': 'mainsailos'}

***virtualization***
  virt_type: none
  virt_identifier: none

***network***

***canbus***

***Allowed Services***
  klipper_mcu
  webcamd
  MoonCord
  KlipperScreen
  moonraker-telegram-bot
  moonraker-obico
  sonar
  crowsnest
  octoeverywhere
  ratos-configurator
Found libcamera Python module, version: v0.0.5+83-bde9b04f

Systemd unit moonraker.service:
unit_name: moonraker.service
is_default: True
manager: systemd
Properties:
**Requires=['network-online.target', 'sysinit.target', 'system.slice']
**After=['system.slice', 'systemd-journald.socket', 'sysinit.target', 'klipper.service', 'network-online.target', 'basic.target']
**SupplementaryGroups=['moonraker-admin']
**EnvironmentFiles=/home/pi/printer_data/systemd/moonraker.env
**ExecStart=/home/pi/moonraker-env/bin/python $MOONRAKER_ARGS
**WorkingDirectory=
**FragmentPath=/etc/systemd/system/moonraker.service
**Description=API Server for Klipper SV1
**User=pi

Systemd unit klipper.service:
unit_name: klipper.service
is_default: True
manager: systemd
Properties:
**Requires=['sysinit.target', '-.mount', 'system.slice']
**After=['basic.target', 'network-online.target', 'sysinit.target', '-.mount', 'systemd-journald.socket', 'system.slice']
**SupplementaryGroups=[]
**EnvironmentFiles=/home/pi/printer_data/systemd/klipper.env
**ExecStart=/home/pi/klippy-env/bin/python $KLIPPER_ARGS
**WorkingDirectory=/home/pi/klipper
**FragmentPath=/etc/systemd/system/klipper.service
**Description=Klipper 3D Printer Firmware SV1
**User=pi
Git Repo moonraker: Warnings detected:
  Repo has untracked source files: ['moonraker/components/timelapse.py']
Git Repo klipper: Warnings detected:
  Repo has untracked source files: ['klippy/extras/z_calibration.py']
Git Repo mainsail-config: No warnings detected
Git Repo crowsnest: No warnings detected
Git Repo sonar: No warnings detected
Git Repo z_calibration: No warnings detected
Klipper Version: v0.12.0-103-g6ce6fbbc-dirty
2024-02-27 20:20:44,813 [authorization.py:_prune_conn_handler()] - Trusted Connection Expired, IP: 127.0.0.1
2024-02-27 20:24:57,420 [authorization.py:_check_trusted_connection()] - Trusted Connection Detected, IP: 127.0.0.1
2024-02-27 20:25:33,489 [authorization.py:_check_trusted_connection()] - Trusted Connection Detected, IP: 10.0.0.16
2024-02-27 20:25:33,493 [application.py:log_request()] - 101 GET /websocket (10.0.0.16) [_TRUSTED_USER_] 7.45ms
2024-02-27 20:25:33,494 [websockets.py:open()] - Websocket Opened: ID: 547666587456, Proxied: True, User Agent: Mozilla/5.0 (X11; Linux x86_64; rv:123.0) Gecko/20100101 Firefox/123.0, Host Name: vorontrident.local
2024-02-27 20:25:33,501 [websockets.py:_handle_identify()] - Websocket 547666587456 Client Identified - Name: mainsail, Version: 2.9.1, Type: web
2024-02-27 20:26:53,715 [application.py:prepare()] - Upload Request Received from 10.0.0.16
Content-Type: multipart/form-data; boundary=---------------------------20630676638547009412438734646
2024-02-27 20:26:53,745 [application.py:post()] - Processing Uploaded File: printer.cfg
2024-02-27 20:26:53,758 [application.py:log_request()] - 201 POST /server/files/upload (10.0.0.16) [_TRUSTED_USER_] 45.22ms
2024-02-27 20:26:54,807 [klippy_connection.py:_on_connection_closed()] - Klippy Connection Removed
2024-02-27 20:26:56,066 [klippy_connection.py:_do_connect()] - Klippy Connection Established
2024-02-27 20:26:58,368 [file_manager.py:get_file_list()] - Updating File List <gcodes>...
2024-02-27 20:27:02,598 [klippy_connection.py:_request_initial_subscriptions()] - Webhooks Subscribed
2024-02-27 20:27:02,601 [klippy_connection.py:_request_initial_subscriptions()] - GCode Output Subscribed
2024-02-27 20:27:02,850 [job_state.py:_handle_started()] - Job state initialized: standby
2024-02-27 20:27:03,109 [klippy_connection.py:_check_ready()] - Klippy ready
2024-02-27 20:27:03,606 [data_store.py:_init_sensors()] - Configuring available sensors: ['heater_bed', 'temperature_sensor chamber', 'extruder']
2024-02-27 20:27:12,716 [common.py:build_error()] - JSON-RPC Request Error - Requested Method: printer.gcode.script, Code: 400, Message: Extrude below minimum temp
See the 'min_extrude_temp' config option for details
2024-02-27 20:34:14,703 [application.py:prepare()] - Upload Request Received from 10.0.0.16
Content-Type: multipart/form-data; boundary=---------------------------5967121942013649323000329113
2024-02-27 20:34:14,732 [application.py:post()] - Processing Uploaded File: moonraker.conf
2024-02-27 20:34:14,754 [application.py:log_request()] - 201 POST /server/files/upload (10.0.0.16) [_TRUSTED_USER_] 52.54ms
2024-02-27 20:36:55,873 [klippy_connection.py:_on_connection_closed()] - Klippy Connection Removed
2024-02-27 20:36:57,134 [klippy_connection.py:_do_connect()] - Klippy Connection Established
2024-02-27 20:36:57,195 [server.py:add_log_rollover_item()] - 
Systemd unit klipper.service:
unit_name: klipper.service
is_default: True
manager: systemd
Properties:
**Requires=['system.slice', 'sysinit.target', '-.mount']
**After=['systemd-journald.socket', 'sysinit.target', 'system.slice', 'network-online.target', 'basic.target', '-.mount']
**SupplementaryGroups=[]
**EnvironmentFiles=/home/pi/printer_data/systemd/klipper.env
**ExecStart=/home/pi/klippy-env/bin/python $KLIPPER_ARGS
**WorkingDirectory=/home/pi/klipper
**FragmentPath=/etc/systemd/system/klipper.service
**Description=Klipper 3D Printer Firmware SV1
**User=pi
2024-02-27 20:36:58,458 [klippy_connection.py:_request_initial_subscriptions()] - Webhooks Subscribed
2024-02-27 20:36:58,460 [klippy_connection.py:_request_initial_subscriptions()] - GCode Output Subscribed
2024-02-27 20:36:58,709 [job_state.py:_handle_started()] - Job state initialized: standby
2024-02-27 20:36:58,967 [klippy_connection.py:_check_ready()] - Klippy ready
2024-02-27 20:36:59,469 [data_store.py:_init_sensors()] - Configuring available sensors: ['heater_bed', 'temperature_sensor chamber', 'extruder']
2024-02-27 20:36:59,480 [file_manager.py:get_file_list()] - Updating File List <gcodes>...
2024-02-27 20:37:02,537 [file_manager.py:get_file_list()] - Updating File List <gcodes>...
2024-02-27 20:37:29,992 [websockets.py:on_close()] - Websocket Closed: ID: 547944209568 Close Code: None, Close Reason: None, Pong Time Elapsed: 6.41
2024-02-27 20:37:30,965 [server.py:_handle_term_signal()] - Exiting with signal SIGTERM
2024-02-27 20:37:31,068 [websockets.py:on_close()] - Websocket Closed: ID: 547666587456 Close Code: 1001, Close Reason: Server Shutdown, Pong Time Elapsed: 7.57
2024-02-27 20:37:31,070 [klippy_connection.py:_on_connection_closed()] - Klippy Connection Removed
2024-02-27 20:37:31,077 [database.py:close()] - Database statistics:

announcements:
psize: 4096
depth: 0
branch_pages: 0
leaf_pages: 0
overflow_pages: 0
entries: 0
authorized_users:
psize: 4096
depth: 1
branch_pages: 0
leaf_pages: 1
overflow_pages: 0
entries: 1
gcode_metadata:
psize: 4096
depth: 1
branch_pages: 0
leaf_pages: 1
overflow_pages: 0
entries: 2
history:
psize: 4096
depth: 2
branch_pages: 1
leaf_pages: 9
overflow_pages: 0
entries: 19
mainsail:
psize: 4096
depth: 1
branch_pages: 0
leaf_pages: 1
overflow_pages: 0
entries: 6
mobileraker:
psize: 4096
depth: 1
branch_pages: 0
leaf_pages: 1
overflow_pages: 0
entries: 2
moonraker:
psize: 4096
depth: 1
branch_pages: 0
leaf_pages: 1
overflow_pages: 0
entries: 8
update_manager:
psize: 4096
depth: 2
branch_pages: 1
leaf_pages: 2
overflow_pages: 3
entries: 8
2024-02-27 20:37:31,192 [server.py:main()] - Server Shutdown
-------------------- Log Start | Wed Feb 28 03:37:49 2024 --------------------
data_path: /home/pi/printer_data
is_default_data_path: False
config_file: /home/pi/printer_data/config/moonraker.conf
startup_warnings: []
verbose: False
debug: False
asyncio_debug: False
is_backup_config: False
is_python_package: True
instance_uuid: 2bbd1176bf3140ba80f1f9818bfd3721
unix_socket_path: /home/pi/printer_data/comms/moonraker.sock
software_version: v0.8.0-310-g67c98f6
git_branch: master
git_remote: origin
git_repo_url: https://github.com/Arksine/moonraker.git
modified_files: []
unofficial_components: []
log_file: /home/pi/printer_data/logs/moonraker.log
python_version: 3.9.2 (default, Feb 28 2021, 17:03:44)  [GCC 10.2.1 20210110]
launch_args: /home/pi/moonraker-env/bin/python /home/pi/moonraker/moonraker/__main__.py
msgspec_enabled: False
uvloop_enabled: False
2024-02-27 20:37:49,777 [confighelper.py:read_file()] - Configuration File '/home/pi/printer_data/config/moonraker.conf' parsed, total size: 2526 B
2024-02-27 20:37:49,778 [server.py:add_log_rollover_item()] - 
#################### Moonraker Configuration ####################

[server]
host = 0.0.0.0
port = 7125
max_upload_size = 1024
klippy_uds_address = ~/printer_data/comms/klippy.sock

[file_manager]
enable_object_processing = False

[authorization]
cors_domains = 
	https://my.mainsail.xyz
	http://my.mainsail.xyz
	http://*.local
	http://*.lan
trusted_clients = 
	10.0.0.0/8
	127.0.0.0/8
	169.254.0.0/16
	172.16.0.0/12
	192.168.0.0/16
	FE80::/10
	::1/128

[octoprint_compat]

[history]

[announcements]
subscriptions = 
	mainsail

[update_manager]
refresh_interval = 168
enable_auto_refresh = True

[update_manager mainsail]
type = web
channel = stable
repo = mainsail-crew/mainsail
path = ~/mainsail

[update_manager mainsail-config]
type = git_repo
primary_branch = master
path = ~/mainsail-config
origin = https://github.com/mainsail-crew/mainsail-config.git
managed_services = klipper

[update_manager crowsnest]
type = git_repo
path = ~/crowsnest
origin = https://github.com/mainsail-crew/crowsnest.git
managed_services = crowsnest
install_script = tools/pkglist.sh

[update_manager sonar]
type = git_repo
path = ~/sonar
origin = https://github.com/mainsail-crew/sonar.git
primary_branch = main
managed_services = sonar
install_script = tools/install.sh

[update_manager z_calibration]
type = git_repo
path = /home/pi/klipper_z_calibration
origin = https://github.com/protoloft/klipper_z_calibration.git
managed_services = klipper

[update_manager klipper-backup]
type = git_repo
path = ~/klipper-backup
origin = https://github.com/Staubgeborener/klipper-backup.git
managed_services = moonraker
primary_branch = main

#################################################################
All Configuration Files:
/home/pi/printer_data/config/moonraker.conf
#################################################################
2024-02-27 20:37:50,059 [server.py:load_component()] - Component (secrets) loaded
2024-02-27 20:37:50,072 [server.py:load_component()] - Component (template) loaded
2024-02-27 20:37:50,081 [server.py:load_component()] - Component (klippy_connection) loaded
2024-02-27 20:37:51,294 [server.py:load_component()] - Component (application) loaded
2024-02-27 20:37:51,340 [server.py:load_component()] - Component (websockets) loaded
2024-02-27 20:37:51,541 [server.py:load_component()] - Component (dbus_manager) loaded
2024-02-27 20:37:51,622 [server.py:add_log_rollover_item()] - 
Database Versions: pylmdb = 1.4.1, lmdb = (0, 9, 29)
Unsafe Shutdown Count: 12
2024-02-27 20:37:51,655 [server.py:load_component()] - Component (database) loaded
2024-02-27 20:37:51,714 [file_manager.py:__init__()] - Using File System Observer: inotify
2024-02-27 20:37:51,778 [server.py:load_component()] - Component (file_manager) loaded
2024-02-27 20:37:51,826 [authorization.py:__init__()] - Authorization Configuration Loaded
Trusted Clients:
10.0.0.0/8
127.0.0.0/8
169.254.0.0/16
172.16.0.0/12
192.168.0.0/16
fe80::/10
::1/128
CORS Domains:
https://my\.mainsail\.xyz
http://my\.mainsail\.xyz
http://.*\.local
http://.*\.lan
2024-02-27 20:37:51,832 [server.py:load_component()] - Component (authorization) loaded
2024-02-27 20:37:51,842 [server.py:load_component()] - Component (klippy_apis) loaded
2024-02-27 20:37:52,159 [server.py:add_log_rollover_item()] - 
System Info:

***python***
  version: (3, 9, 2, 'final', 0)
  version_string: 3.9.2 (default, Feb 28 2021, 17:03:44)  [GCC 10.2.1 20210110]

***cpu_info***
  cpu_count: 4
  bits: 64bit
  processor: aarch64
  cpu_desc: 
  serial_number: 10000000fdca3e44
  hardware_desc: BCM2835
  model: Raspberry Pi 4 Model B Rev 1.5
  total_memory: 751432
  memory_units: kB

***sd_info***
  manufacturer_id: 03
  manufacturer: Sandisk
  oem_id: 5344
  product_name: SD32G
  product_revision: 8.5
  serial_number: 551cd9fc
  manufacturer_date: 2/2023
  capacity: 29.7 GiB
  total_bytes: 31914983424

***distribution***
  name: Debian GNU/Linux 11 (bullseye)
  id: debian
  version: 11
  version_parts: {'major': '11', 'minor': '', 'build_number': ''}
  like: 
  codename: bullseye
  release_info: {'name': 'MainsailOS', 'version_id': '1.3.2', 'codename': 'bullseye', 'id': 'mainsailos'}

***virtualization***
  virt_type: none
  virt_identifier: none

***network***

***canbus***

***Allowed Services***
  klipper_mcu
  webcamd
  MoonCord
  KlipperScreen
  moonraker-telegram-bot
  moonraker-obico
  sonar
  crowsnest
  octoeverywhere
  ratos-configurator
2024-02-27 20:37:52,164 [server.py:load_component()] - Component (shell_command) loaded
2024-02-27 20:37:52,164 [machine.py:__init__()] - Using System Provider: systemd_dbus
2024-02-27 20:37:52,252 [server.py:add_log_rollover_item()] - Found libcamera Python module, version: v0.0.5+83-bde9b04f
2024-02-27 20:37:52,253 [server.py:load_component()] - Component (machine) loaded
2024-02-27 20:37:52,256 [server.py:load_component()] - Component (data_store) loaded
2024-02-27 20:37:52,259 [proc_stats.py:__init__()] - Detected 'vcgencmd', throttle checking enabled
2024-02-27 20:37:52,260 [server.py:load_component()] - Component (proc_stats) loaded
2024-02-27 20:37:52,262 [server.py:load_component()] - Component (job_state) loaded
2024-02-27 20:37:52,268 [server.py:load_component()] - Component (job_queue) loaded
2024-02-27 20:37:52,280 [server.py:load_component()] - Component (http_client) loaded
2024-02-27 20:37:52,287 [server.py:load_component()] - Component (announcements) loaded
2024-02-27 20:37:52,293 [server.py:load_component()] - Component (webcam) loaded
2024-02-27 20:37:52,297 [server.py:load_component()] - Component (extensions) loaded
2024-02-27 20:37:52,304 [server.py:load_component()] - Component (octoprint_compat) loaded
2024-02-27 20:37:52,385 [base_deploy.py:log_info()] - Git Repo moonraker: Detected virtualenv: /home/pi/moonraker-env
2024-02-27 20:37:52,394 [base_deploy.py:log_info()] - Git Repo klipper: Detected virtualenv: /home/pi/klippy-env
2024-02-27 20:37:52,417 [server.py:load_component()] - Component (update_manager) loaded
2024-02-27 20:37:52,422 [server.py:load_component()] - Component (history) loaded
2024-02-27 20:37:52,424 [server.py:_initialize_component()] - Performing Component Post Init: [dbus_manager]
2024-02-27 20:37:52,522 [server.py:_initialize_component()] - Performing Component Post Init: [file_manager]
2024-02-27 20:37:52,540 [server.py:_initialize_component()] - Performing Component Post Init: [authorization]
2024-02-27 20:37:52,541 [server.py:_initialize_component()] - Performing Component Post Init: [machine]
2024-02-27 20:37:52,541 [machine.py:validation_init()] - Installation version in database up to date
2024-02-27 20:37:52,908 [machine.py:check_virt_status()] - No Virtualization Detected
2024-02-27 20:37:52,923 [machine.py:_find_public_ip()] - Detected Local IP: 10.0.0.103
2024-02-27 20:37:52,926 [webcam.py:_set_default_host_ip()] - Default public webcam address set: http://10.0.0.103
2024-02-27 20:37:52,981 [server.py:add_log_rollover_item()] - 
Systemd unit moonraker.service:
unit_name: moonraker.service
is_default: True
manager: systemd
Properties:
**Requires=['sysinit.target', 'system.slice', 'network-online.target']
**After=['sysinit.target', 'basic.target', 'system.slice', 'klipper.service', 'network-online.target', 'systemd-journald.socket']
**SupplementaryGroups=['moonraker-admin']
**EnvironmentFiles=/home/pi/printer_data/systemd/moonraker.env
**ExecStart=/home/pi/moonraker-env/bin/python $MOONRAKER_ARGS
**WorkingDirectory=
**FragmentPath=/etc/systemd/system/moonraker.service
**Description=API Server for Klipper SV1
**User=pi
2024-02-27 20:37:52,982 [server.py:_initialize_component()] - Performing Component Post Init: [proc_stats]
2024-02-27 20:37:52,982 [server.py:_initialize_component()] - Performing Component Post Init: [announcements]
2024-02-27 20:37:52,983 [server.py:_initialize_component()] - Performing Component Post Init: [webcam]
2024-02-27 20:37:52,984 [webcam.py:_set_default_host_ip()] - Default public webcam address set: http://10.0.0.103
2024-02-27 20:37:52,985 [server.py:_initialize_component()] - Performing Component Post Init: [klippy_connection]
2024-02-27 20:37:52,985 [server.py:add_log_rollover_item()] - 
Systemd unit klipper.service:
unit_name: klipper.service
is_default: True
manager: systemd
Properties:
**Requires=['system.slice', 'sysinit.target', '-.mount']
**After=['systemd-journald.socket', 'sysinit.target', 'system.slice', 'network-online.target', 'basic.target', '-.mount']
**SupplementaryGroups=[]
**EnvironmentFiles=/home/pi/printer_data/systemd/klipper.env
**ExecStart=/home/pi/klippy-env/bin/python $KLIPPER_ARGS
**WorkingDirectory=/home/pi/klipper
**FragmentPath=/etc/systemd/system/klipper.service
**Description=Klipper 3D Printer Firmware SV1
**User=pi
2024-02-27 20:37:52,986 [server.py:_initialize_component()] - Performing Component Post Init: [update_manager]
2024-02-27 20:37:52,988 [server.py:_initialize_component()] - Performing Component Post Init: [history]
2024-02-27 20:37:53,361 [base_deploy.py:log_info()] - PackageDeploy: PackageKit Provider Configured
2024-02-27 20:37:53,362 [base_deploy.py:log_info()] - Git Repo moonraker: Stored pip version: 23.3.2
2024-02-27 20:37:56,542 [git_deploy.py:log_repo_info()] - Git Repo z_calibration Detected:
Owner: protoloft
Repository Name: klipper_z_calibration
Path: /home/pi/klipper_z_calibration
Remote: origin
Branch: master
Remote URL: https://github.com/protoloft/klipper_z_calibration.git
Recovery URL: https://github.com/protoloft/klipper_z_calibration.git
Current Commit SHA: e1755d8a603b157ad3975090182d65fa1147c206
Upstream Commit SHA: e1755d8a603b157ad3975090182d65fa1147c206
Current Version: v1.0.2-0-ge1755d8a
Upstream Version: v1.0.2-0-ge1755d8a
Rollback Commit: e1755d8a603b157ad3975090182d65fa1147c206
Rollback Branch: master
Rollback Version: v1.0.2-0-ge1755d8a
Is Dirty: False
Is Detached: False
Is Shallow: False
Commits Behind Count: 0
Diverged: False
2024-02-27 20:37:56,549 [confighelper.py:create_backup()] - Backing up last working configuration to '/home/pi/printer_data/config/.moonraker.conf.bkp'
2024-02-27 20:37:56,557 [extensions.py:start_unix_server()] - Creating Unix Domain Socket at '/home/pi/printer_data/comms/moonraker.sock'
2024-02-27 20:37:56,559 [server.py:start_server()] - Starting Moonraker on (0.0.0.0, 7125), Hostname: vorontrident
2024-02-27 20:37:56,560 [application.py:listen()] - SSL Certificate/Key not configured, aborting HTTPS Server startup
2024-02-27 20:37:56,817 [klippy_connection.py:_do_connect()] - Klippy Connection Established
2024-02-27 20:37:56,870 [server.py:add_log_rollover_item()] - 
Systemd unit klipper.service:
unit_name: klipper.service
is_default: True
manager: systemd
Properties:
**Requires=['system.slice', 'sysinit.target', '-.mount']
**After=['network-online.target', '-.mount', 'sysinit.target', 'systemd-journald.socket', 'system.slice', 'basic.target']
**SupplementaryGroups=[]
**EnvironmentFiles=/home/pi/printer_data/systemd/klipper.env
**ExecStart=/home/pi/klippy-env/bin/python $KLIPPER_ARGS
**WorkingDirectory=/home/pi/klipper
**FragmentPath=/etc/systemd/system/klipper.service
**Description=Klipper 3D Printer Firmware SV1
**User=pi
2024-02-27 20:37:57,104 [authorization.py:_check_trusted_connection()] - Trusted Connection Detected, IP: 10.0.0.16
2024-02-27 20:37:57,106 [application.py:log_request()] - 101 GET /websocket (10.0.0.16) [_TRUSTED_USER_] 3.48ms
2024-02-27 20:37:57,106 [websockets.py:open()] - Websocket Opened: ID: 547894692304, Proxied: True, User Agent: Mozilla/5.0 (X11; Linux x86_64; rv:123.0) Gecko/20100101 Firefox/123.0, Host Name: vorontrident.local
2024-02-27 20:37:57,123 [server.py:add_log_rollover_item()] - Klipper Version: v0.12.0-103-g6ce6fbbc-dirty
2024-02-27 20:37:57,130 [websockets.py:_handle_identify()] - Websocket 547894692304 Client Identified - Name: mainsail, Version: 2.9.1, Type: web
2024-02-27 20:37:57,149 [klippy_connection.py:_request_initial_subscriptions()] - Webhooks Subscribed
2024-02-27 20:37:57,156 [klippy_connection.py:_request_initial_subscriptions()] - GCode Output Subscribed
2024-02-27 20:37:57,395 [job_state.py:_handle_started()] - Job state initialized: standby
2024-02-27 20:37:57,655 [klippy_connection.py:_check_ready()] - Klippy ready
2024-02-27 20:37:58,154 [data_store.py:_init_sensors()] - Configuring available sensors: ['heater_bed', 'temperature_sensor chamber', 'extruder']
2024-02-27 20:37:59,568 [base_deploy.py:log_info()] - PackageKit: Detected 3 package updates:
bind9-host
bind9-libs
libpq5
2024-02-27 20:37:59,590 [shell_command.py:_check_proc_success()] - Command (git -C /home/pi/moonraker status --porcelain -b) successfully finished
2024-02-27 20:37:59,616 [shell_command.py:_check_proc_success()] - Command (git -C /home/pi/moonraker branch --list --no-color) successfully finished
2024-02-27 20:37:59,641 [shell_command.py:_check_proc_success()] - Command (git -C /home/pi/moonraker remote get-url origin) successfully finished
2024-02-27 20:38:00,862 [shell_command.py:_check_proc_success()] - Command (git -C /home/pi/moonraker fetch origin --prune --progress) successfully finished
2024-02-27 20:38:00,879 [shell_command.py:_check_proc_success()] - Command (git -C /home/pi/moonraker merge-base --is-ancestor HEAD origin/master) successfully finished
2024-02-27 20:38:00,893 [shell_command.py:_check_proc_success()] - Command (git -C /home/pi/moonraker rev-parse HEAD) successfully finished
2024-02-27 20:38:00,917 [shell_command.py:_check_proc_success()] - Command (git -C /home/pi/moonraker describe --always --tags --long --dirty --abbrev=8) successfully finished
2024-02-27 20:38:00,929 [shell_command.py:_check_proc_success()] - Command (git -C /home/pi/moonraker rev-parse origin/master) successfully finished
2024-02-27 20:38:00,951 [shell_command.py:_check_proc_success()] - Command (git -C /home/pi/moonraker describe origin/master --always --tags --long --abbrev=8) successfully finished
2024-02-27 20:38:00,966 [shell_command.py:_check_proc_success()] - Command (git -C /home/pi/moonraker rev-list HEAD..9813011db2e65f13072b8e31ad9a9364e99e338d --count) successfully finished
2024-02-27 20:38:00,982 [shell_command.py:_check_proc_success()] - Command (git -C /home/pi/moonraker log 67c98f6a7610ff4196954a665e5599bea9ccf5ac..origin/master --format="sha:%H%x1Dauthor:%an%x1Ddate:%ct%x1Dsubject:%s%x1Dmessage:%b%x1E" --max-count=100) successfully finished
2024-02-27 20:38:01,036 [shell_command.py:_check_proc_success()] - Command (git -C /home/pi/moonraker for-each-ref --count=100 --sort='-creatordate' --contains=HEAD --merged=origin/master --format='%(if)%(*objecttype)%(then)%(*objecttype) %(*objectname)%(else)%(objecttype) %(objectname)%(end) %(refname)' 'refs/tags') successfully finished
2024-02-27 20:38:01,036 [git_deploy.py:log_repo_info()] - Git Repo moonraker Detected:
Owner: Arksine
Repository Name: moonraker
Path: /home/pi/moonraker
Remote: origin
Branch: master
Remote URL: https://github.com/Arksine/moonraker.git
Recovery URL: https://github.com/Arksine/moonraker.git
Current Commit SHA: 67c98f6a7610ff4196954a665e5599bea9ccf5ac
Upstream Commit SHA: 9813011db2e65f13072b8e31ad9a9364e99e338d
Current Version: v0.8.0-310-g67c98f6a
Upstream Version: v0.8.0-318-g9813011d
Rollback Commit: a23187b4afa632da8a90cb9eae83f0f6a5eec903
Rollback Branch: master
Rollback Version: v0.8.0-268-ga23187b4
Is Dirty: False
Is Detached: False
Is Shallow: False
Commits Behind Count: 8
Diverged: False
Repo Warnings:
  Repo has untracked source files: ['moonraker/components/timelapse.py']
2024-02-27 20:38:01,036 [base_deploy.py:log_info()] - Git Repo moonraker: Channel: dev
2024-02-27 20:38:01,037 [base_deploy.py:log_info()] - Git Repo moonraker: Validity check for git repo passed
2024-02-27 20:38:01,078 [shell_command.py:_check_proc_success()] - Command (git -C /home/pi/klipper status --porcelain -b) successfully finished
2024-02-27 20:38:01,104 [shell_command.py:_check_proc_success()] - Command (git -C /home/pi/klipper branch --list --no-color) successfully finished
2024-02-27 20:38:01,129 [shell_command.py:_check_proc_success()] - Command (git -C /home/pi/klipper remote get-url origin) successfully finished
2024-02-27 20:38:03,103 [shell_command.py:_check_proc_success()] - Command (git -C /home/pi/klipper fetch origin --prune --progress) successfully finished
2024-02-27 20:38:03,118 [shell_command.py:_check_proc_success()] - Command (git -C /home/pi/klipper merge-base --is-ancestor HEAD origin/master) successfully finished
2024-02-27 20:38:03,131 [shell_command.py:_check_proc_success()] - Command (git -C /home/pi/klipper rev-parse HEAD) successfully finished
2024-02-27 20:38:03,224 [shell_command.py:_check_proc_success()] - Command (git -C /home/pi/klipper describe --always --tags --long --dirty --abbrev=8) successfully finished
2024-02-27 20:38:03,239 [shell_command.py:_check_proc_success()] - Command (git -C /home/pi/klipper rev-parse origin/master) successfully finished
2024-02-27 20:38:03,325 [shell_command.py:_check_proc_success()] - Command (git -C /home/pi/klipper describe origin/master --always --tags --long --abbrev=8) successfully finished
2024-02-27 20:38:03,339 [shell_command.py:_check_proc_success()] - Command (git -C /home/pi/klipper rev-list HEAD..a77d07907fdfcd76f7175231caee170db205ff04 --count) successfully finished
2024-02-27 20:38:03,355 [shell_command.py:_check_proc_success()] - Command (git -C /home/pi/klipper log 6ce6fbbce07605010c0d4fa8eaa0ebcde01e53db..origin/master --format="sha:%H%x1Dauthor:%an%x1Ddate:%ct%x1Dsubject:%s%x1Dmessage:%b%x1E" --max-count=100) successfully finished
2024-02-27 20:38:03,465 [shell_command.py:_check_proc_success()] - Command (git -C /home/pi/klipper for-each-ref --count=100 --sort='-creatordate' --contains=HEAD --merged=origin/master --format='%(if)%(*objecttype)%(then)%(*objecttype) %(*objectname)%(else)%(objecttype) %(objectname)%(end) %(refname)' 'refs/tags') successfully finished
2024-02-27 20:38:03,465 [git_deploy.py:log_repo_info()] - Git Repo klipper Detected:
Owner: Klipper3d
Repository Name: klipper
Path: /home/pi/klipper
Remote: origin
Branch: master
Remote URL: https://github.com/Klipper3d/klipper.git
Recovery URL: https://github.com/Klipper3d/klipper.git
Current Commit SHA: 6ce6fbbce07605010c0d4fa8eaa0ebcde01e53db
Upstream Commit SHA: a77d07907fdfcd76f7175231caee170db205ff04
Current Version: v0.12.0-103-g6ce6fbbc
Upstream Version: v0.12.0-114-ga77d0790
Rollback Commit: d785b396a72b57c073ce5bdf7a9d5e9fe39fc914
Rollback Branch: master
Rollback Version: v0.12.0-85-gd785b396
Is Dirty: False
Is Detached: False
Is Shallow: False
Commits Behind Count: 11
Diverged: False
Repo Warnings:
  Repo has untracked source files: ['klippy/extras/z_calibration.py']
2024-02-27 20:38:03,466 [base_deploy.py:log_info()] - Git Repo klipper: Channel: dev
2024-02-27 20:38:03,466 [base_deploy.py:log_info()] - Git Repo klipper: Validity check for git repo passed
2024-02-27 20:38:03,765 [base_deploy.py:log_info()] - Web Client mainsail: Detected
Repo: mainsail-crew/mainsail
Channel: stable
Path: /home/pi/mainsail
Local Version: v2.9.1
Remote Version: v2.10.0
Valid: True
Fallback Detected: False
Pre-release: False
Download Url: https://github.com/mainsail-crew/mainsail/releases/download/v2.10.0/mainsail.zip
Download Size: 2081565
Content Type: application/zip
Rollback Version: v2.9.1
Rollback Repo: mainsail-crew/mainsail
2024-02-27 20:38:03,796 [shell_command.py:_check_proc_success()] - Command (git -C /home/pi/mainsail-config status --porcelain -b) successfully finished
2024-02-27 20:38:03,827 [shell_command.py:_check_proc_success()] - Command (git -C /home/pi/mainsail-config branch --list --no-color) successfully finished
2024-02-27 20:38:03,857 [shell_command.py:_check_proc_success()] - Command (git -C /home/pi/mainsail-config remote get-url origin) successfully finished
2024-02-27 20:38:04,395 [shell_command.py:_check_proc_success()] - Command (git -C /home/pi/mainsail-config fetch origin --prune --progress) successfully finished
2024-02-27 20:38:04,410 [shell_command.py:_check_proc_success()] - Command (git -C /home/pi/mainsail-config merge-base --is-ancestor HEAD origin/master) successfully finished
2024-02-27 20:38:04,426 [shell_command.py:_check_proc_success()] - Command (git -C /home/pi/mainsail-config rev-parse HEAD) successfully finished
2024-02-27 20:38:04,443 [shell_command.py:_check_proc_success()] - Command (git -C /home/pi/mainsail-config describe --always --tags --long --dirty --abbrev=8) successfully finished
2024-02-27 20:38:04,458 [shell_command.py:_check_proc_success()] - Command (git -C /home/pi/mainsail-config rev-parse origin/master) successfully finished
2024-02-27 20:38:04,475 [shell_command.py:_check_proc_success()] - Command (git -C /home/pi/mainsail-config describe origin/master --always --tags --long --abbrev=8) successfully finished
2024-02-27 20:38:04,491 [shell_command.py:_check_proc_success()] - Command (git -C /home/pi/mainsail-config rev-list HEAD..e57810d51b5c634aadaca4db923bfcba269ae4b3 --count) successfully finished
2024-02-27 20:38:04,493 [git_deploy.py:log_repo_info()] - Git Repo mainsail-config Detected:
Owner: mainsail-crew
Repository Name: mainsail-config
Path: /home/pi/mainsail-config
Remote: origin
Branch: master
Remote URL: https://github.com/mainsail-crew/mainsail-config.git
Recovery URL: https://github.com/mainsail-crew/mainsail-config.git
Current Commit SHA: e57810d51b5c634aadaca4db923bfcba269ae4b3
Upstream Commit SHA: e57810d51b5c634aadaca4db923bfcba269ae4b3
Current Version: v1.2.1-0-ge57810d5
Upstream Version: v1.2.1-0-ge57810d5
Rollback Commit: e57810d51b5c634aadaca4db923bfcba269ae4b3
Rollback Branch: master
Rollback Version: v1.2.1-0-ge57810d5
Is Dirty: False
Is Detached: False
Is Shallow: False
Commits Behind Count: 0
Diverged: False
2024-02-27 20:38:04,493 [base_deploy.py:log_info()] - Git Repo mainsail-config: Channel: dev
2024-02-27 20:38:04,493 [base_deploy.py:log_info()] - Git Repo mainsail-config: Validity check for git repo passed
2024-02-27 20:38:04,521 [authorization.py:_check_trusted_connection()] - Trusted Connection Detected, IP: 127.0.0.1
2024-02-27 20:38:04,526 [shell_command.py:_check_proc_success()] - Command (git -C /home/pi/crowsnest status --porcelain -b) successfully finished
2024-02-27 20:38:04,570 [application.py:log_request()] - 101 GET /websocket?token=4HVS6FM3G54FI6NUOGF5B7QXMHYOBVJN (127.0.0.1) [_TRUSTED_USER_] 4.77ms
2024-02-27 20:38:04,571 [websockets.py:open()] - Websocket Opened: ID: 547894680400, Proxied: False, User Agent: , Host Name: 127.0.0.1
2024-02-27 20:38:04,576 [shell_command.py:_check_proc_success()] - Command (git -C /home/pi/crowsnest branch --list --no-color) successfully finished
2024-02-27 20:38:04,621 [shell_command.py:_check_proc_success()] - Command (git -C /home/pi/crowsnest remote get-url origin) successfully finished
2024-02-27 20:38:04,959 [file_manager.py:get_file_list()] - Updating File List <gcodes>...
2024-02-27 20:38:05,209 [shell_command.py:_check_proc_success()] - Command (git -C /home/pi/crowsnest fetch origin --prune --progress) successfully finished
2024-02-27 20:38:05,224 [shell_command.py:_check_proc_success()] - Command (git -C /home/pi/crowsnest merge-base --is-ancestor HEAD origin/master) successfully finished
2024-02-27 20:38:05,238 [shell_command.py:_check_proc_success()] - Command (git -C /home/pi/crowsnest rev-parse HEAD) successfully finished
2024-02-27 20:38:05,257 [shell_command.py:_check_proc_success()] - Command (git -C /home/pi/crowsnest describe --always --tags --long --dirty --abbrev=8) successfully finished
2024-02-27 20:38:05,270 [shell_command.py:_check_proc_success()] - Command (git -C /home/pi/crowsnest rev-parse origin/master) successfully finished
2024-02-27 20:38:05,287 [shell_command.py:_check_proc_success()] - Command (git -C /home/pi/crowsnest describe origin/master --always --tags --long --abbrev=8) successfully finished
2024-02-27 20:38:05,302 [shell_command.py:_check_proc_success()] - Command (git -C /home/pi/crowsnest rev-list HEAD..ba0ac8fbe4567cda574d5835f0e13b3434f16713 --count) successfully finished
2024-02-27 20:38:05,319 [shell_command.py:_check_proc_success()] - Command (git -C /home/pi/crowsnest log c0c9c418c8e7d6158bfd7bb51a184ab20b77d075..origin/master --format="sha:%H%x1Dauthor:%an%x1Ddate:%ct%x1Dsubject:%s%x1Dmessage:%b%x1E" --max-count=100) successfully finished
2024-02-27 20:38:05,344 [shell_command.py:_check_proc_success()] - Command (git -C /home/pi/crowsnest for-each-ref --count=100 --sort='-creatordate' --contains=HEAD --merged=origin/master --format='%(if)%(*objecttype)%(then)%(*objecttype) %(*objectname)%(else)%(objecttype) %(objectname)%(end) %(refname)' 'refs/tags') successfully finished
2024-02-27 20:38:05,345 [git_deploy.py:log_repo_info()] - Git Repo crowsnest Detected:
Owner: mainsail-crew
Repository Name: crowsnest
Path: /home/pi/crowsnest
Remote: origin
Branch: master
Remote URL: https://github.com/mainsail-crew/crowsnest.git
Recovery URL: https://github.com/mainsail-crew/crowsnest.git
Current Commit SHA: c0c9c418c8e7d6158bfd7bb51a184ab20b77d075
Upstream Commit SHA: ba0ac8fbe4567cda574d5835f0e13b3434f16713
Current Version: v4.1.3-1-gc0c9c418
Upstream Version: v4.1.4-1-gba0ac8fb
Rollback Commit: c0c9c418c8e7d6158bfd7bb51a184ab20b77d075
Rollback Branch: master
Rollback Version: v4.1.3-1-gc0c9c418
Is Dirty: False
Is Detached: False
Is Shallow: False
Commits Behind Count: 4
Diverged: False
2024-02-27 20:38:05,345 [base_deploy.py:log_info()] - Git Repo crowsnest: Channel: dev
2024-02-27 20:38:05,346 [base_deploy.py:log_info()] - Git Repo crowsnest: Validity check for git repo passed
2024-02-27 20:38:05,364 [shell_command.py:_check_proc_success()] - Command (git -C /home/pi/sonar status --porcelain -b) successfully finished
2024-02-27 20:38:05,392 [shell_command.py:_check_proc_success()] - Command (git -C /home/pi/sonar branch --list --no-color) successfully finished
2024-02-27 20:38:05,422 [shell_command.py:_check_proc_success()] - Command (git -C /home/pi/sonar remote get-url origin) successfully finished
2024-02-27 20:38:17,490 [shell_command.py:_check_proc_success()] - Command (git -C /home/pi/sonar fetch origin --prune --progress) successfully finished
2024-02-27 20:38:17,503 [shell_command.py:_check_proc_success()] - Command (git -C /home/pi/sonar merge-base --is-ancestor HEAD origin/main) successfully finished
2024-02-27 20:38:17,517 [shell_command.py:_check_proc_success()] - Command (git -C /home/pi/sonar rev-parse HEAD) successfully finished
2024-02-27 20:38:17,532 [shell_command.py:_check_proc_success()] - Command (git -C /home/pi/sonar describe --always --tags --long --dirty --abbrev=8) successfully finished
2024-02-27 20:38:17,547 [shell_command.py:_check_proc_success()] - Command (git -C /home/pi/sonar rev-parse origin/main) successfully finished
2024-02-27 20:38:17,563 [shell_command.py:_check_proc_success()] - Command (git -C /home/pi/sonar describe origin/main --always --tags --long --abbrev=8) successfully finished
2024-02-27 20:38:17,577 [shell_command.py:_check_proc_success()] - Command (git -C /home/pi/sonar rev-list HEAD..eacc498a52f79292063b6f9b0e0c191c34c5dc09 --count) successfully finished
2024-02-27 20:38:17,578 [git_deploy.py:log_repo_info()] - Git Repo sonar Detected:
Owner: mainsail-crew
Repository Name: sonar
Path: /home/pi/sonar
Remote: origin
Branch: main
Remote URL: https://github.com/mainsail-crew/sonar.git
Recovery URL: https://github.com/mainsail-crew/sonar.git
Current Commit SHA: eacc498a52f79292063b6f9b0e0c191c34c5dc09
Upstream Commit SHA: eacc498a52f79292063b6f9b0e0c191c34c5dc09
Current Version: v0.1.3-1-geacc498a
Upstream Version: v0.1.3-1-geacc498a
Rollback Commit: eacc498a52f79292063b6f9b0e0c191c34c5dc09
Rollback Branch: main
Rollback Version: v0.1.3-1-geacc498a
Is Dirty: False
Is Detached: False
Is Shallow: False
Commits Behind Count: 0
Diverged: False
2024-02-27 20:38:17,579 [base_deploy.py:log_info()] - Git Repo sonar: Channel: dev
2024-02-27 20:38:17,579 [base_deploy.py:log_info()] - Git Repo sonar: Validity check for git repo passed
2024-02-27 20:38:17,579 [base_deploy.py:log_info()] - Git Repo z_calibration: Next refresh in: 2 Days, 22 Hours, 39 Minutes, 6 Seconds
2024-02-27 20:38:17,621 [shell_command.py:_check_proc_success()] - Command (git -C /home/pi/klipper-backup status --porcelain -b) successfully finished
2024-02-27 20:38:18,161 [shell_command.py:_check_proc_success()] - Command (git -C /home/pi/klipper-backup branch --list --no-color) successfully finished
2024-02-27 20:38:18,187 [shell_command.py:_check_proc_success()] - Command (git -C /home/pi/klipper-backup remote get-url origin) successfully finished
2024-02-27 20:38:18,745 [shell_command.py:_check_proc_success()] - Command (git -C /home/pi/klipper-backup fetch origin --prune --progress) successfully finished
2024-02-27 20:38:18,758 [shell_command.py:_check_proc_success()] - Command (git -C /home/pi/klipper-backup merge-base --is-ancestor HEAD origin/main) successfully finished
2024-02-27 20:38:18,772 [shell_command.py:_check_proc_success()] - Command (git -C /home/pi/klipper-backup rev-parse HEAD) successfully finished
2024-02-27 20:38:18,792 [shell_command.py:_check_proc_success()] - Command (git -C /home/pi/klipper-backup describe --always --tags --long --dirty --abbrev=8) successfully finished
2024-02-27 20:38:18,805 [shell_command.py:_check_proc_success()] - Command (git -C /home/pi/klipper-backup rev-parse origin/main) successfully finished
2024-02-27 20:38:18,821 [shell_command.py:_check_proc_success()] - Command (git -C /home/pi/klipper-backup describe origin/main --always --tags --long --abbrev=8) successfully finished
2024-02-27 20:38:18,836 [shell_command.py:_check_proc_success()] - Command (git -C /home/pi/klipper-backup rev-list HEAD..1640410c65a83c02eb21f3b6b178e11fdc53615e --count) successfully finished
2024-02-27 20:38:18,838 [git_deploy.py:log_repo_info()] - Git Repo klipper-backup Detected:
Owner: Staubgeborener
Repository Name: klipper-backup
Path: /home/pi/klipper-backup
Remote: origin
Branch: main
Remote URL: https://github.com/Staubgeborener/klipper-backup.git
Recovery URL: https://github.com/Staubgeborener/klipper-backup.git
Current Commit SHA: 1640410c65a83c02eb21f3b6b178e11fdc53615e
Upstream Commit SHA: 1640410c65a83c02eb21f3b6b178e11fdc53615e
Current Version: v1.2.1-8-g1640410c
Upstream Version: v1.2.1-8-g1640410c
Rollback Commit: 1640410c65a83c02eb21f3b6b178e11fdc53615e
Rollback Branch: main
Rollback Version: v1.2.1-8-g1640410c
Is Dirty: False
Is Detached: False
Is Shallow: False
Commits Behind Count: 0
Diverged: False
2024-02-27 20:38:18,838 [base_deploy.py:log_info()] - Git Repo klipper-backup: Channel: dev
2024-02-27 20:38:18,838 [base_deploy.py:log_info()] - Git Repo klipper-backup: Validity check for git repo passed
